2016/02/28 13:39:20 にビルドを開始しました。
     1>ノード 2 上のプロジェクト "C:\Users\TAKASHI\Documents\seminalpro\Win32Project2.vcxproj" (Build ターゲット)。
     1>ClCompile:
         C:\Program Files (x86)\Microsoft Visual Studio 12.0\VC\bin\CL.exe /c /I"C:\DxLib_VC\プロジェクトに追加すべきファイル_VC用" /ZI /nologo /W3 /WX- /sdl /Od /Oy- /D WIN32 /D _DEBUG /D _WINDOWS /D _MBCS /Gm /EHsc /RTC1 /MTd /GS /fp:precise /Zc:wchar_t /Zc:forScope /Fo"Debug\\" /Fd"Debug\vc120.pdb" /Gd /TP /analyze- /errorReport:prompt WeaponWarehouse.cpp
         WeaponWarehouse.cpp
     1>c:\users\takashi\documents\seminalpro\weaponwarehouse.cpp(18): warning C4018: '>=' : signed と unsigned の数値を比較しようとしました。
     1>c:\users\takashi\documents\seminalpro\weaponwarehouse.cpp(42): warning C4018: '<' : signed と unsigned の数値を比較しようとしました。
       Link:
         C:\Program Files (x86)\Microsoft Visual Studio 12.0\VC\bin\link.exe /ERRORREPORT:PROMPT /OUT:"C:\Users\TAKASHI\Documents\seminalpro\Debug\Win32Project2.exe" /INCREMENTAL /NOLOGO /LIBPATH:"C:\DxLib_VC\プロジェクトに追加すべきファイル_VC用" kernel32.lib user32.lib gdi32.lib winspool.lib comdlg32.lib advapi32.lib shell32.lib ole32.lib oleaut32.lib uuid.lib odbc32.lib odbccp32.lib /MANIFEST /MANIFESTUAC:"level='asInvoker' uiAccess='false'" /manifest:embed /DEBUG /PDB:"C:\Users\TAKASHI\Documents\seminalpro\Debug\Win32Project2.pdb" /SUBSYSTEM:WINDOWS /TLBID:1 /DYNAMICBASE /NXCOMPAT /IMPLIB:"C:\Users\TAKASHI\Documents\seminalpro\Debug\Win32Project2.lib" /MACHINE:X86 Debug\AbnormalState.obj
         Debug\Action.obj
         Debug\Animation.obj
         Debug\Ankou.obj
         Debug\BezierCurve.obj
         Debug\BlackScreen.obj
         Debug\BookMonster.obj
         Debug\BossFloorOfTheDungeon.obj
         Debug\Camera.obj
         Debug\Character.obj
         Debug\CharacterData.obj
         Debug\CharacterMoveDistance.obj
         Debug\CharacterType.obj
         Debug\Collision.obj
         Debug\CurorThereIsALimit.obj
         Debug\Cursor.obj
         Debug\DamageDisplay.obj
         Debug\Dark.obj
         Debug\DataRead.obj
         Debug\DataWrite.obj
         Debug\DiffBookMonster.obj
         Debug\DiffEgg.obj
         Debug\DiffGolem.obj
         Debug\DiffMimic.obj
         Debug\DiffMushroom.obj
         Debug\DiffSmallAnimal.obj
         Debug\DiffSmallBird.obj
         Debug\Direction.obj
         Debug\Direction_AngleConverter.obj
         Debug\Doraki.obj
         Debug\DropWeapon.obj
         Debug\DropWear.obj
         Debug\DungeonLength.obj
         Debug\Effect.obj
         Debug\EffectUpdater.obj
         Debug\Egg.obj
         Debug\Enemy.obj
         Debug\EnemyStandardWeapon.obj
         Debug\EquipScreen.obj
         Debug\ExpEffect.obj
         Debug\FieldLength.obj
         Debug\FieldType.obj
         Debug\FirstPersonCamera.obj
         Debug\FlameBall.obj
         Debug\Floor.obj
         Debug\FloorObject_3D_Duplicate.obj
         Debug\FloorOfTheDungeon.obj
         Debug\FrameCounter.obj
         Debug\Golem.obj
         Debug\Hana.obj
         Debug\HandleCreater.obj
         Debug\HealthItem.obj
         Debug\HitBox.obj
         Debug\HitBoxUpdater.obj
         Debug\Ice.obj
         Debug\Item.obj
         Debug\ItemAbility.obj
         Debug\ItemListScreen.obj
         Debug\ItemWarehouse.obj
         Debug\Juggler.obj
         Debug\Kasya.obj
         Debug\Key.obj
         Debug\KeyConfigScreen.obj
         Debug\Kingsuraimu.obj
         Debug\Kraken.obj
         Debug\LeatherSuit.obj
         Debug\LevelUpper.obj
         Debug\LoadScreen.obj
         Debug\MessgeBox.obj
         Debug\Mimic.obj
         Debug\Miyamoto.obj
         Debug\Motion.obj
         Debug\MoveType.obj
         Debug\MoveType_RotateConverter.obj
         Debug\Mushroom.obj
         Debug\Needle.obj
         Debug\NormalEnemy.obj
         Debug\Object_2D.obj
         Debug\Object_3D_Duplicate.obj
         Debug\Obstacle.obj
         Debug\Opening.obj
         Debug\PauseMenu.obj
         Debug\Player.obj
         Debug\FieldMaterial.obj
         Debug\GameApp.obj
         Debug\Object_3D.obj
         Debug\PlayerDatas.obj
         Debug\PlayerDirectionGetter.obj
         Debug\PlayerFollow.obj
         Debug\PlayerItems.obj
         Debug\PlayerKeyConfig.obj
         Debug\PlayerWeapons.obj
         Debug\PlayerWearProtective.obj
         Debug\Position.obj
         Debug\PositionController.obj
         Debug\PositionConverter.obj
         Debug\Random.obj
         Debug\RandomMove.obj
         Debug\Save.obj
         Debug\SaveBook.obj
         Debug\Scene.obj
         Debug\SceneNames.obj
         Debug\SceneUpdater.obj
         Debug\ScreenMaterial.obj
         Debug\SlideAnimation.obj
         Debug\SmallAnimal.obj
         Debug\SmallBird.obj
         Debug\Spring.obj
         Debug\SpringThrowType.obj
         Debug\Stage.obj
         Debug\StageDataLoader.obj
         Debug\StageSelect.obj
         Debug\Stairs.obj
         Debug\StartingPreparation.obj
         Debug\State.obj
         Debug\StatesPoint.obj
         Debug\SubjectivityCamera.obj
         Debug\SwordOfTheTree.obj
         Debug\SwordsMan.obj
         Debug\Thunder.obj
         Debug\Trap.obj
         Debug\TreasureChest.obj
         Debug\TurnController.obj
         Debug\Tutorial.obj
         Debug\TutorialEnemy.obj
         Debug\WarpAnimation.obj
         Debug\Water.obj
         Debug\WaterBall.obj
         Debug\Weapon.obj
         Debug\WeaponType.obj
         Debug\WeaponWarehouse.obj
         Debug\WearProtective.obj
         Debug\WearWarehouse.obj
         Debug\Witch.obj
         Debug\WitchWearProtective.obj
         Win32Project2.vcxproj -> C:\Users\TAKASHI\Documents\seminalpro\Debug\Win32Project2.exe
     1>プロジェクト "C:\Users\TAKASHI\Documents\seminalpro\Win32Project2.vcxproj" (Build ターゲット) のビルドが完了しました。

ビルドに成功しました。

経過時間 00:00:08.03
