c:\users\takashi\documents\seminalpro\debug\vc120.pdb
c:\users\takashi\documents\seminalpro\debug\vc120.idb
c:\users\takashi\documents\seminalpro\debug\fieldmaterial.obj
c:\users\takashi\documents\seminalpro\debug\gameapp.obj
c:\users\takashi\documents\seminalpro\debug\object_3d.obj
c:\users\takashi\documents\seminalpro\debug\playerdatas.obj
c:\users\takashi\documents\seminalpro\debug\playerdirectiongetter.obj
c:\users\takashi\documents\seminalpro\debug\playeritems.obj
c:\users\takashi\documents\seminalpro\debug\position.obj
c:\users\takashi\documents\seminalpro\debug\positionconverter.obj
c:\users\takashi\documents\seminalpro\debug\save.obj
c:\users\takashi\documents\seminalpro\debug\scene.obj
c:\users\takashi\documents\seminalpro\debug\screenmaterial.obj
c:\users\takashi\documents\seminalpro\debug\stage.obj
c:\users\takashi\documents\seminalpro\debug\stairs.obj
c:\users\takashi\documents\seminalpro\debug\state.obj
c:\users\takashi\documents\seminalpro\debug\statespoint.obj
c:\users\takashi\documents\seminalpro\debug\swordofthetree.obj
c:\users\takashi\documents\seminalpro\debug\trap.obj
c:\users\takashi\documents\seminalpro\debug\turncontroller.obj
c:\users\takashi\documents\seminalpro\debug\vectorarray.obj
c:\users\takashi\documents\seminalpro\debug\weapon.obj
c:\users\takashi\documents\seminalpro\debug\fieldlength.obj
c:\users\takashi\documents\seminalpro\debug\fieldtype.obj
c:\users\takashi\documents\seminalpro\debug\floor.obj
c:\users\takashi\documents\seminalpro\debug\floorofthedungeon.obj
c:\users\takashi\documents\seminalpro\debug\handlecreater.obj
c:\users\takashi\documents\seminalpro\debug\healthitem.obj
c:\users\takashi\documents\seminalpro\debug\hitbox.obj
c:\users\takashi\documents\seminalpro\debug\item.obj
c:\users\takashi\documents\seminalpro\debug\itemability.obj
c:\users\takashi\documents\seminalpro\debug\itemlistscreen.obj
c:\users\takashi\documents\seminalpro\debug\key.obj
c:\users\takashi\documents\seminalpro\debug\loadscreen.obj
c:\users\takashi\documents\seminalpro\debug\motion.obj
c:\users\takashi\documents\seminalpro\debug\movetype.obj
c:\users\takashi\documents\seminalpro\debug\movetype_rotateconverter.obj
c:\users\takashi\documents\seminalpro\debug\object_2d.obj
c:\users\takashi\documents\seminalpro\debug\object_3d_duplicate.obj
c:\users\takashi\documents\seminalpro\debug\obstacle.obj
c:\users\takashi\documents\seminalpro\debug\pausemenu.obj
c:\users\takashi\documents\seminalpro\debug\player.obj
c:\users\takashi\documents\seminalpro\debug\abnormalstate.obj
c:\users\takashi\documents\seminalpro\debug\action.obj
c:\users\takashi\documents\seminalpro\debug\camera.obj
c:\users\takashi\documents\seminalpro\debug\character.obj
c:\users\takashi\documents\seminalpro\debug\charactermovedistance.obj
c:\users\takashi\documents\seminalpro\debug\charactertype.obj
c:\users\takashi\documents\seminalpro\debug\collision.obj
c:\users\takashi\documents\seminalpro\debug\cursor.obj
c:\users\takashi\documents\seminalpro\debug\dataread.obj
c:\users\takashi\documents\seminalpro\debug\direction.obj
c:\users\takashi\documents\seminalpro\debug\direction_angleconverter.obj
c:\users\takashi\documents\seminalpro\debug\effect.obj
c:\users\takashi\documents\seminalpro\debug\enemy.obj
c:\users\takashi\documents\seminalpro\debug\win32project2.ilk
c:\users\takashi\documents\seminalpro\debug\win32project2.exe
c:\users\takashi\documents\seminalpro\debug\win32project2.pdb
c:\users\takashi\documents\seminalpro\debug\win32project2.tlog\cl.command.1.tlog
c:\users\takashi\documents\seminalpro\debug\win32project2.tlog\cl.read.1.tlog
c:\users\takashi\documents\seminalpro\debug\win32project2.tlog\cl.write.1.tlog
c:\users\takashi\documents\seminalpro\debug\win32project2.tlog\link.command.1.tlog
c:\users\takashi\documents\seminalpro\debug\win32project2.tlog\link.read.1.tlog
c:\users\takashi\documents\seminalpro\debug\win32project2.tlog\link.write.1.tlog
